{"C:\\Users\\ildik\\OneDrive\\Desktop\\la fosse project\\Lap3\\project\\hooked-on-a-feeling\\Api\\database\\connect.js": {"path":"C:\\Users\\ildik\\OneDrive\\Desktop\\la fosse project\\Lap3\\project\\hooked-on-a-feeling\\Api\\database\\connect.js","statementMap":{"0":{"start":{"line":1,"column":17},"end":{"line":1,"column":30}},"1":{"start":{"line":3,"column":11},"end":{"line":5,"column":2}},"2":{"start":{"line":7,"column":0},"end":{"line":7,"column":41}},"3":{"start":{"line":9,"column":0},"end":{"line":9,"column":20}}},"fnMap":{},"branchMap":{},"s":{"0":1,"1":1,"2":1,"3":1},"f":{},"b":{},"_coverageSchema":"1a1c01bbd47fc00a2c39e90264f33305004495a9","hash":"30a21801aff6136ed62e4f8236aa1dcabd2a8c78"}
,"C:\\Users\\ildik\\OneDrive\\Desktop\\la fosse project\\Lap3\\project\\hooked-on-a-feeling\\Api\\models\\Post.js": {"path":"C:\\Users\\ildik\\OneDrive\\Desktop\\la fosse project\\Lap3\\project\\hooked-on-a-feeling\\Api\\models\\Post.js","statementMap":{"0":{"start":{"line":1,"column":11},"end":{"line":1,"column":41}},"1":{"start":{"line":6,"column":8},"end":{"line":6,"column":31}},"2":{"start":{"line":7,"column":8},"end":{"line":7,"column":29}},"3":{"start":{"line":8,"column":8},"end":{"line":8,"column":27}},"4":{"start":{"line":9,"column":8},"end":{"line":9,"column":31}},"5":{"start":{"line":10,"column":8},"end":{"line":10,"column":30}},"6":{"start":{"line":11,"column":8},"end":{"line":11,"column":30}},"7":{"start":{"line":12,"column":8},"end":{"line":12,"column":34}},"8":{"start":{"line":13,"column":8},"end":{"line":13,"column":36}},"9":{"start":{"line":14,"column":8},"end":{"line":14,"column":34}},"10":{"start":{"line":15,"column":8},"end":{"line":15,"column":34}},"11":{"start":{"line":19,"column":25},"end":{"line":19,"column":61}},"12":{"start":{"line":20,"column":8},"end":{"line":20,"column":51}},"13":{"start":{"line":20,"column":38},"end":{"line":20,"column":49}},"14":{"start":{"line":24,"column":25},"end":{"line":24,"column":86}},"15":{"start":{"line":25,"column":22},"end":{"line":25,"column":57}},"16":{"start":{"line":25,"column":45},"end":{"line":25,"column":56}},"17":{"start":{"line":26,"column":8},"end":{"line":26,"column":50}},"18":{"start":{"line":30,"column":25},"end":{"line":30,"column":86}},"19":{"start":{"line":31,"column":8},"end":{"line":33,"column":9}},"20":{"start":{"line":32,"column":12},"end":{"line":32,"column":53}},"21":{"start":{"line":34,"column":8},"end":{"line":34,"column":42}},"22":{"start":{"line":38,"column":116},"end":{"line":38,"column":120}},"23":{"start":{"line":39,"column":23},"end":{"line":39,"column":283}},"24":{"start":{"line":40,"column":22},"end":{"line":40,"column":46}},"25":{"start":{"line":42,"column":24},"end":{"line":42,"column":58}},"26":{"start":{"line":43,"column":8},"end":{"line":43,"column":23}},"27":{"start":{"line":47,"column":107},"end":{"line":47,"column":111}},"28":{"start":{"line":48,"column":25},"end":{"line":48,"column":272}},"29":{"start":{"line":49,"column":8},"end":{"line":51,"column":9}},"30":{"start":{"line":50,"column":12},"end":{"line":50,"column":53}},"31":{"start":{"line":52,"column":8},"end":{"line":52,"column":42}},"32":{"start":{"line":56,"column":0},"end":{"line":56,"column":22}}},"fnMap":{"0":{"name":"(anonymous_0)","decl":{"start":{"line":5,"column":4},"end":{"line":5,"column":5}},"loc":{"start":{"line":5,"column":110},"end":{"line":16,"column":5}},"line":5},"1":{"name":"(anonymous_1)","decl":{"start":{"line":18,"column":4},"end":{"line":18,"column":5}},"loc":{"start":{"line":18,"column":26},"end":{"line":21,"column":5}},"line":18},"2":{"name":"(anonymous_2)","decl":{"start":{"line":20,"column":33},"end":{"line":20,"column":34}},"loc":{"start":{"line":20,"column":38},"end":{"line":20,"column":49}},"line":20},"3":{"name":"(anonymous_3)","decl":{"start":{"line":23,"column":4},"end":{"line":23,"column":5}},"loc":{"start":{"line":23,"column":38},"end":{"line":27,"column":5}},"line":23},"4":{"name":"(anonymous_4)","decl":{"start":{"line":25,"column":40},"end":{"line":25,"column":41}},"loc":{"start":{"line":25,"column":45},"end":{"line":25,"column":56}},"line":25},"5":{"name":"(anonymous_5)","decl":{"start":{"line":29,"column":4},"end":{"line":29,"column":5}},"loc":{"start":{"line":29,"column":38},"end":{"line":35,"column":5}},"line":29},"6":{"name":"(anonymous_6)","decl":{"start":{"line":37,"column":4},"end":{"line":37,"column":5}},"loc":{"start":{"line":37,"column":30},"end":{"line":44,"column":5}},"line":37},"7":{"name":"(anonymous_7)","decl":{"start":{"line":46,"column":4},"end":{"line":46,"column":5}},"loc":{"start":{"line":46,"column":30},"end":{"line":53,"column":5}},"line":46}},"branchMap":{"0":{"loc":{"start":{"line":26,"column":15},"end":{"line":26,"column":49}},"type":"cond-expr","locations":[{"start":{"line":26,"column":34},"end":{"line":26,"column":42}},{"start":{"line":26,"column":45},"end":{"line":26,"column":49}}],"line":26},"1":{"loc":{"start":{"line":31,"column":8},"end":{"line":33,"column":9}},"type":"if","locations":[{"start":{"line":31,"column":8},"end":{"line":33,"column":9}},{"start":{},"end":{}}],"line":31},"2":{"loc":{"start":{"line":38,"column":55},"end":{"line":38,"column":72}},"type":"default-arg","locations":[{"start":{"line":38,"column":65},"end":{"line":38,"column":72}}],"line":38},"3":{"loc":{"start":{"line":38,"column":73},"end":{"line":38,"column":91}},"type":"default-arg","locations":[{"start":{"line":38,"column":84},"end":{"line":38,"column":91}}],"line":38},"4":{"loc":{"start":{"line":47,"column":46},"end":{"line":47,"column":63}},"type":"default-arg","locations":[{"start":{"line":47,"column":56},"end":{"line":47,"column":63}}],"line":47},"5":{"loc":{"start":{"line":47,"column":64},"end":{"line":47,"column":82}},"type":"default-arg","locations":[{"start":{"line":47,"column":75},"end":{"line":47,"column":82}}],"line":47},"6":{"loc":{"start":{"line":49,"column":8},"end":{"line":51,"column":9}},"type":"if","locations":[{"start":{"line":49,"column":8},"end":{"line":51,"column":9}},{"start":{},"end":{}}],"line":49}},"s":{"0":1,"1":3,"2":3,"3":3,"4":3,"5":3,"6":3,"7":3,"8":3,"9":3,"10":3,"11":1,"12":1,"13":2,"14":2,"15":1,"16":1,"17":1,"18":0,"19":0,"20":0,"21":0,"22":0,"23":0,"24":0,"25":0,"26":0,"27":0,"28":0,"29":0,"30":0,"31":0,"32":1},"f":{"0":3,"1":1,"2":2,"3":2,"4":1,"5":0,"6":0,"7":0},"b":{"0":[1,0],"1":[0,0],"2":[0],"3":[0],"4":[0],"5":[0],"6":[0,0]},"_coverageSchema":"1a1c01bbd47fc00a2c39e90264f33305004495a9","hash":"b3c116b7aea1e4f0d13149ae99b10951570999f4"}
}
